0 verbose cli /usr/bin/node /usr/bin/npm
1 info using npm@10.8.2
2 info using node@v18.20.8
3 silly config load:file:/usr/lib/node_modules/npm/npmrc
4 silly config load:file:/home/ubuntu/.npmrc
5 silly config load:file:/usr/etc/npmrc
6 verbose title npm install
7 verbose argv "install"
8 verbose logfile logs-max:10 dir:/home/ubuntu/.npm/_logs/2026-04-20T08_23_24_586Z-
9 verbose logfile /home/ubuntu/.npm/_logs/2026-04-20T08_23_24_586Z-debug-0.log
10 silly packumentCache heap:490471424 maxSize:122617856 maxEntrySize:61308928
11 silly logfile done cleaning log files
12 verbose stack JSONParseError: Unexpected token ":" (0x3A) in JSON at position 9 while parsing near "\"scripts\": {\n  \"start\": \"node..."
12 verbose stack     at /usr/lib/node_modules/npm/node_modules/read-package-json-fast/lib/index.js:7:61
12 verbose stack     at async #initTree (/usr/lib/node_modules/npm/node_modules/@npmcli/arborist/lib/arborist/build-ideal-tree.js:265:21)
12 verbose stack     at async Arborist.buildIdealTree (/usr/lib/node_modules/npm/node_modules/@npmcli/arborist/lib/arborist/build-ideal-tree.js:178:7)
12 verbose stack     at async Promise.all (index 1)
12 verbose stack     at async Arborist.reify (/usr/lib/node_modules/npm/node_modules/@npmcli/arborist/lib/arborist/reify.js:131:5)
12 verbose stack     at async Install.exec (/usr/lib/node_modules/npm/lib/commands/install.js:150:5)
12 verbose stack     at async Npm.exec (/usr/lib/node_modules/npm/lib/npm.js:207:9)
12 verbose stack     at async module.exports (/usr/lib/node_modules/npm/lib/cli/entry.js:74:5)
13 error code EJSONPARSE
14 error path /home/ubuntu/package.json
15 error JSON.parse Unexpected token ":" (0x3A) in JSON at position 9 while parsing near "\"scripts\": {\n  \"start\": \"node..."
16 error JSON.parse Failed to parse JSON data.
16 error JSON.parse Note: package.json must be actual JSON, not just JavaScript.
17 silly unfinished npm timer reify 1776673405579
18 silly unfinished npm timer reify:loadTrees 1776673405584
19 silly unfinished npm timer idealTree:init 1776673405585
20 verbose cwd /home/ubuntu
21 verbose os Linux 6.17.0-1010-aws
22 verbose node v18.20.8
23 verbose npm  v10.8.2
24 verbose exit 1
25 verbose code 1
26 error A complete log of this run can be found in: /home/ubuntu/.npm/_logs/2026-04-20T08_23_24_586Z-debug-0.log
